Update date : Sun Nov 13 23:48:30 ART 2016
 
 Table 'configuracion' found in repository
 (=) table 'configuracion' unchanged
 
 Table 'empresa' found in repository
 (=) table 'empresa' unchanged
 
 Table 'licencias' found in repository
 (=) table 'licencias' unchanged
 
 Table 'lineadeventa' found in repository
 . Column 'cantidad' added
 (*) table 'lineadeventa' updated : 1 change(s)
 
 Table 'pantalla' found in repository
 (=) table 'pantalla' unchanged
 
 Table 'pantallapermisos' found in repository
 (=) table 'pantallapermisos' unchanged
 
 Table 'perfiles' found in repository
 (=) table 'perfiles' unchanged
 
 Table 'perfilespantallas' found in repository
 (=) table 'perfilespantallas' unchanged
 
 Table 'perfilespermisos' found in repository
 (=) table 'perfilespermisos' unchanged
 
 Table 'permiso' found in repository
 (=) table 'permiso' unchanged
 
 Table 'producto' found in repository
 (=) table 'producto' unchanged
 
 Table 'usuario' found in repository
 (=) table 'usuario' unchanged
 
 Table 'usuarioperfiles' found in repository
 (=) table 'usuarioperfiles' unchanged
 
 Table 'venta' found in repository
 (=) table 'venta' unchanged
